22:30:45.763 [main] INFO  org.testng.log4testng.Logger.info(Logger.java:112)oggger - [TestNG] Running:
  C:\Users\Intel\eclipse-workspace\EcommerceApp\testng.xml

22:30:50.264 [main] INFO  com.ecom.testbase.BaseClass.setUp(BaseClass.java:44)oggger - Application Launched Successfully
22:30:50.286 [main] INFO  com.ecom.testcases.TC001_TestAccountRegistration.verify_Acct_Registration(TC001_TestAccountRegistration.java:15)oggger - ****   Home Page is displayed    ****
22:32:15.293 [main] INFO  org.testng.internal.Utils - [TestNG] Running:
  C:\Users\Intel\eclipse-workspace\EcommerceApp\testng.xml

22:32:19.867 [main] INFO  com.ecom.testcases.TC001_TestAccountRegistration - Application Launched Successfully
22:32:19.907 [main] INFO  com.ecom.testcases.TC001_TestAccountRegistration - ****   Home Page is displayed    ****
17:44:08.019 [main] INFO  org.testng.internal.Utils - [TestNG] Running:
  C:\Users\Intel\eclipse-workspace\EcommerceApp\testng.xml

17:44:11.960 [main] INFO  com.ecom.testcases.TC002_TestLogin - Application Launched Successfully
17:44:13.708 [main] INFO  com.ecom.testcases.TC002_TestLogin - Logged in Successfully
17:46:23.110 [main] INFO  org.testng.internal.Utils - [TestNG] Running:
  C:\Users\Intel\eclipse-workspace\EcommerceApp\testng.xml

17:46:28.273 [main] INFO  com.ecom.testcases.TC002_TestLogin - Application Launched Successfully
17:46:29.804 [main] INFO  com.ecom.testcases.TC002_TestLogin - Logged in Successfully
17:48:14.199 [main] INFO  org.testng.internal.Utils - [TestNG] Running:
  C:\Users\Intel\eclipse-workspace\EcommerceApp\testng.xml

17:48:19.209 [main] INFO  com.ecom.testcases.TC002_TestLogin - Application Launched Successfully
18:43:24.368 [main] INFO  org.testng.internal.Utils - [TestNG] Running:
  C:\Users\Intel\eclipse-workspace\EcommerceApp\testng.xml

18:43:29.067 [main] INFO  com.ecom.testcases.TC003_DDLoginTest - Application Launched Successfully
18:44:39.964 [main] INFO  org.testng.internal.Utils - [Utils] MethodGroupsHelper.collectMethodsByGroup() took 1 ms.
18:44:39.972 [main] INFO  org.testng.internal.Utils - [Utils] MethodGroupsHelper.sortMethods() took 2 ms.
18:44:39.975 [main] INFO  org.testng.internal.Utils - [Utils] MethodGroupsHelper.collectMethodsByGroup() took 0 ms.
18:44:39.976 [main] INFO  org.testng.internal.Utils - [Utils] MethodGroupsHelper.sortMethods() took 0 ms.
18:44:39.978 [main] INFO  org.testng.internal.Utils - [Utils] MethodGroupsHelper.collectMethodsByGroup() took 0 ms.
18:44:39.978 [main] INFO  org.testng.internal.Utils - [Utils] MethodGroupsHelper.sortMethods() took 0 ms.
18:44:39.979 [main] INFO  org.testng.internal.Utils - [Utils] MethodGroupsHelper.collectMethodsByGroup() took 0 ms.
18:44:39.979 [main] INFO  org.testng.internal.Utils - [Utils] MethodGroupsHelper.sortMethods() took 0 ms.
18:44:39.986 [main] INFO  org.testng.internal.Utils - [Utils] MethodGroupsHelper.collectMethodsByGroup() took 6 ms.
18:44:40.000 [main] INFO  org.testng.internal.Utils - [Utils] MethodGroupsHelper.sortMethods() took 13 ms.
18:44:40.001 [main] INFO  org.testng.internal.Utils - [Utils] MethodGroupsHelper.collectMethodsByGroup() took 0 ms.
18:44:40.001 [main] INFO  org.testng.internal.Utils - [Utils] MethodGroupsHelper.sortMethods() took 0 ms.
18:44:40.002 [main] INFO  org.testng.internal.Utils - [Utils] MethodGroupsHelper.collectMethodsByGroup() took 0 ms.
18:44:40.002 [main] INFO  org.testng.internal.Utils - [Utils] MethodGroupsHelper.sortMethods() took 0 ms.
18:44:40.003 [main] INFO  org.testng.internal.Utils - [Utils] MethodGroupsHelper.collectMethodsByGroup() took 0 ms.
18:44:40.003 [main] INFO  org.testng.internal.Utils - [Utils] MethodGroupsHelper.sortMethods() took 0 ms.
18:44:40.005 [main] INFO  org.testng.internal.Utils - [Utils] MethodGroupsHelper.collectMethodsByGroup() took 0 ms.
18:44:40.005 [main] INFO  org.testng.internal.Utils - [Utils] MethodGroupsHelper.sortMethods() took 0 ms.
18:44:40.006 [main] INFO  org.testng.internal.Utils - [Utils] MethodGroupsHelper.collectMethodsByGroup() took 0 ms.
18:44:40.006 [main] INFO  org.testng.internal.Utils - [Utils] MethodGroupsHelper.sortMethods() took 0 ms.
18:44:40.007 [main] INFO  org.testng.internal.Utils - [Utils] MethodGroupsHelper.collectMethodsByGroup() took 0 ms.
18:44:40.008 [main] INFO  org.testng.internal.Utils - [Utils] MethodGroupsHelper.sortMethods() took 0 ms.
18:44:40.008 [main] INFO  org.testng.internal.Utils - [Utils] MethodGroupsHelper.collectMethodsByGroup() took 0 ms.
18:44:40.008 [main] INFO  org.testng.internal.Utils - [Utils] MethodGroupsHelper.sortMethods() took 0 ms.
18:44:40.011 [main] INFO  org.testng.internal.Utils - [Utils] MethodGroupsHelper.collectMethodsByGroup() took 0 ms.
18:44:40.012 [main] INFO  org.testng.internal.Utils - [Utils] MethodGroupsHelper.sortMethods() took 1 ms.
18:44:40.013 [main] INFO  org.testng.internal.Utils - [Utils] MethodGroupsHelper.collectMethodsByGroup() took 0 ms.
18:44:40.013 [main] INFO  org.testng.internal.Utils - [Utils] MethodGroupsHelper.sortMethods() took 0 ms.
18:44:40.013 [main] INFO  org.testng.internal.Utils - [Utils] MethodGroupsHelper.collectMethodsByGroup() took 0 ms.
18:44:40.013 [main] INFO  org.testng.internal.Utils - [Utils] MethodGroupsHelper.sortMethods() took 0 ms.
18:44:40.021 [main] INFO  org.testng.internal.Utils - [TestNG] Running:
  C:\Users\Intel\AppData\Local\Temp\testng-eclipse--659301589\testng-customsuite.xml

18:44:40.048 [main] INFO  org.testng.internal.Utils - [Utils] DynamicGraphHelper.createDynamicGraph() took 8 ms.
18:44:40.104 [main] ERROR org.testng.internal.Utils - [Error] java.lang.NullPointerException: Cannot invoke &quot;java.util.Properties.getProperty(String)&quot; because &quot;this.prop&quot; is null
	at Utilities.DataProviders.getData(DataProviders.java:16)
	at java.base/jdk.internal.reflect.DirectMethodHandleAccessor.invoke(DirectMethodHandleAccessor.java:103)
	at java.base/java.lang.reflect.Method.invoke(Method.java:580)
	at org.testng.internal.invokers.MethodInvocationHelper.invokeMethod(MethodInvocationHelper.java:139)
	at org.testng.internal.invokers.MethodInvocationHelper.invokeMethod(MethodInvocationHelper.java:84)
	at org.testng.internal.invokers.MethodInvocationHelper.invokeMethodNoCheckedException(MethodInvocationHelper.java:53)
	at org.testng.internal.invokers.MethodInvocationHelper.invokeDataProvider(MethodInvocationHelper.java:157)
	at org.testng.internal.Parameters.handleParameters(Parameters.java:803)
	at org.testng.internal.Parameters.handleParameters(Parameters.java:728)
	at org.testng.internal.invokers.ParameterHandler.handleParameters(ParameterHandler.java:72)
	at org.testng.internal.invokers.ParameterHandler.createParameters(ParameterHandler.java:51)
	at org.testng.internal.invokers.TestInvoker$MethodInvocationAgent.invoke(TestInvoker.java:911)
	at org.testng.internal.invokers.TestInvoker.invokeTestMethods(TestInvoker.java:200)
	at org.testng.internal.invokers.TestMethodWorker.invokeTestMethods(TestMethodWorker.java:148)
	at org.testng.internal.invokers.TestMethodWorker.run(TestMethodWorker.java:128)
	at java.base/java.util.ArrayList.forEach(ArrayList.java:1596)
	at org.testng.TestRunner.privateRun(TestRunner.java:848)
	at org.testng.TestRunner.run(TestRunner.java:621)
	at org.testng.SuiteRunner.runTest(SuiteRunner.java:443)
	at org.testng.SuiteRunner.runSequentially(SuiteRunner.java:437)
	at org.testng.SuiteRunner.privateRun(SuiteRunner.java:397)
	at org.testng.SuiteRunner.run(SuiteRunner.java:336)
	at org.testng.SuiteRunnerWorker.runSuite(SuiteRunnerWorker.java:52)
	at org.testng.SuiteRunnerWorker.run(SuiteRunnerWorker.java:95)
	at org.testng.TestNG.runSuitesSequentially(TestNG.java:1280)
	at org.testng.TestNG.runSuitesLocally(TestNG.java:1200)
	at org.testng.TestNG.runSuites(TestNG.java:1114)
	at org.testng.TestNG.run(TestNG.java:1082)
	at org.testng.remote.AbstractRemoteTestNG.run(AbstractRemoteTestNG.java:115)
	at org.testng.remote.RemoteTestNG.initAndRun(RemoteTestNG.java:293)
	at org.testng.remote.RemoteTestNG.main(RemoteTestNG.java:91)

18:44:40.232 [main] INFO  org.testng.internal.Utils - [TestNG] Time taken by org.testng.reporters.SuiteHTMLReporter@5851bd4f: 43 ms
18:44:40.416 [main] INFO  org.testng.internal.Utils - [TestNG] Time taken by org.testng.reporters.jq.Main@7692cd34: 184 ms
18:44:40.455 [main] INFO  org.testng.internal.Utils - [TestNG] Time taken by org.testng.reporters.FailedReporter@41de5768: 39 ms
18:44:40.478 [main] INFO  org.testng.internal.Utils - [TestNG] Time taken by org.testng.reporters.XMLReporter@3fc08eec: 23 ms
18:44:40.486 [main] INFO  org.testng.internal.Utils - [TestNG] Time taken by org.testng.reporters.EmailableReporter2@85ec632: 7 ms
18:44:40.498 [main] INFO  org.testng.internal.Utils - [TestNG] Time taken by org.testng.reporters.JUnitReportReporter@1c4ee95c: 12 ms
18:44:40.498 [main] INFO  org.testng.internal.Utils - [TestNG] Time taken by org.testng.internal.ExitCodeListener@79c4715d: 0 ms
18:45:54.834 [main] INFO  org.testng.internal.Utils - [TestNG] Running:
  C:\Users\Intel\eclipse-workspace\EcommerceApp\testng.xml

18:45:59.544 [main] INFO  com.ecom.testcases.TC003_DDLoginTest - Application Launched Successfully
18:46:19.821 [main] INFO  org.testng.internal.Utils - [TestNG] Running:
  C:\Users\Intel\eclipse-workspace\EcommerceApp\testng.xml

18:46:24.447 [main] INFO  com.ecom.testcases.TC003_DDLoginTest - Application Launched Successfully
18:49:07.693 [main] INFO  org.testng.internal.Utils - [TestNG] Running:
  C:\Users\Intel\eclipse-workspace\EcommerceApp\testng.xml

18:49:12.155 [main] INFO  com.ecom.testcases.TC003_DDLoginTest - Application Launched Successfully
18:50:21.796 [main] INFO  org.testng.internal.Utils - [Utils] MethodGroupsHelper.collectMethodsByGroup() took 0 ms.
18:50:21.806 [main] INFO  org.testng.internal.Utils - [Utils] MethodGroupsHelper.sortMethods() took 1 ms.
18:50:21.810 [main] INFO  org.testng.internal.Utils - [Utils] MethodGroupsHelper.collectMethodsByGroup() took 0 ms.
18:50:21.810 [main] INFO  org.testng.internal.Utils - [Utils] MethodGroupsHelper.sortMethods() took 0 ms.
18:50:21.811 [main] INFO  org.testng.internal.Utils - [Utils] MethodGroupsHelper.collectMethodsByGroup() took 0 ms.
18:50:21.811 [main] INFO  org.testng.internal.Utils - [Utils] MethodGroupsHelper.sortMethods() took 0 ms.
18:50:21.812 [main] INFO  org.testng.internal.Utils - [Utils] MethodGroupsHelper.collectMethodsByGroup() took 0 ms.
18:50:21.812 [main] INFO  org.testng.internal.Utils - [Utils] MethodGroupsHelper.sortMethods() took 0 ms.
18:50:21.819 [main] INFO  org.testng.internal.Utils - [Utils] MethodGroupsHelper.collectMethodsByGroup() took 6 ms.
18:50:21.829 [main] INFO  org.testng.internal.Utils - [Utils] MethodGroupsHelper.sortMethods() took 9 ms.
18:50:21.830 [main] INFO  org.testng.internal.Utils - [Utils] MethodGroupsHelper.collectMethodsByGroup() took 0 ms.
18:50:21.831 [main] INFO  org.testng.internal.Utils - [Utils] MethodGroupsHelper.sortMethods() took 0 ms.
18:50:21.831 [main] INFO  org.testng.internal.Utils - [Utils] MethodGroupsHelper.collectMethodsByGroup() took 0 ms.
18:50:21.831 [main] INFO  org.testng.internal.Utils - [Utils] MethodGroupsHelper.sortMethods() took 0 ms.
18:50:21.832 [main] INFO  org.testng.internal.Utils - [Utils] MethodGroupsHelper.collectMethodsByGroup() took 0 ms.
18:50:21.832 [main] INFO  org.testng.internal.Utils - [Utils] MethodGroupsHelper.sortMethods() took 0 ms.
18:50:21.834 [main] INFO  org.testng.internal.Utils - [Utils] MethodGroupsHelper.collectMethodsByGroup() took 0 ms.
18:50:21.834 [main] INFO  org.testng.internal.Utils - [Utils] MethodGroupsHelper.sortMethods() took 0 ms.
18:50:21.835 [main] INFO  org.testng.internal.Utils - [Utils] MethodGroupsHelper.collectMethodsByGroup() took 0 ms.
18:50:21.835 [main] INFO  org.testng.internal.Utils - [Utils] MethodGroupsHelper.sortMethods() took 0 ms.
18:50:21.836 [main] INFO  org.testng.internal.Utils - [Utils] MethodGroupsHelper.collectMethodsByGroup() took 0 ms.
18:50:21.836 [main] INFO  org.testng.internal.Utils - [Utils] MethodGroupsHelper.sortMethods() took 0 ms.
18:50:21.836 [main] INFO  org.testng.internal.Utils - [Utils] MethodGroupsHelper.collectMethodsByGroup() took 0 ms.
18:50:21.836 [main] INFO  org.testng.internal.Utils - [Utils] MethodGroupsHelper.sortMethods() took 0 ms.
18:50:21.837 [main] INFO  org.testng.internal.Utils - [Utils] MethodGroupsHelper.collectMethodsByGroup() took 0 ms.
18:50:21.837 [main] INFO  org.testng.internal.Utils - [Utils] MethodGroupsHelper.sortMethods() took 0 ms.
18:50:21.838 [main] INFO  org.testng.internal.Utils - [Utils] MethodGroupsHelper.collectMethodsByGroup() took 0 ms.
18:50:21.839 [main] INFO  org.testng.internal.Utils - [Utils] MethodGroupsHelper.sortMethods() took 0 ms.
18:50:21.839 [main] INFO  org.testng.internal.Utils - [Utils] MethodGroupsHelper.collectMethodsByGroup() took 0 ms.
18:50:21.839 [main] INFO  org.testng.internal.Utils - [Utils] MethodGroupsHelper.sortMethods() took 0 ms.
18:50:21.845 [main] INFO  org.testng.internal.Utils - [TestNG] Running:
  C:\Users\Intel\AppData\Local\Temp\testng-eclipse--1615545457\testng-customsuite.xml

18:50:21.867 [main] INFO  org.testng.internal.Utils - [Utils] DynamicGraphHelper.createDynamicGraph() took 4 ms.
18:50:22.634 [main] ERROR org.testng.internal.Utils - [Error] java.lang.NullPointerException: Cannot invoke &quot;org.apache.poi.xssf.usermodel.XSSFSheet.getLastRowNum()&quot; because &quot;this.sheet&quot; is null
	at Utilities.ExcelUtility.getRowCount(ExcelUtility.java:39)
	at Utilities.DataProviders.getData(DataProviders.java:20)
	at java.base/jdk.internal.reflect.DirectMethodHandleAccessor.invoke(DirectMethodHandleAccessor.java:103)
	at java.base/java.lang.reflect.Method.invoke(Method.java:580)
	at org.testng.internal.invokers.MethodInvocationHelper.invokeMethod(MethodInvocationHelper.java:139)
	at org.testng.internal.invokers.MethodInvocationHelper.invokeMethod(MethodInvocationHelper.java:84)
	at org.testng.internal.invokers.MethodInvocationHelper.invokeMethodNoCheckedException(MethodInvocationHelper.java:53)
	at org.testng.internal.invokers.MethodInvocationHelper.invokeDataProvider(MethodInvocationHelper.java:157)
	at org.testng.internal.Parameters.handleParameters(Parameters.java:803)
	at org.testng.internal.Parameters.handleParameters(Parameters.java:728)
	at org.testng.internal.invokers.ParameterHandler.handleParameters(ParameterHandler.java:72)
	at org.testng.internal.invokers.ParameterHandler.createParameters(ParameterHandler.java:51)
	at org.testng.internal.invokers.TestInvoker$MethodInvocationAgent.invoke(TestInvoker.java:911)
	at org.testng.internal.invokers.TestInvoker.invokeTestMethods(TestInvoker.java:200)
	at org.testng.internal.invokers.TestMethodWorker.invokeTestMethods(TestMethodWorker.java:148)
	at org.testng.internal.invokers.TestMethodWorker.run(TestMethodWorker.java:128)
	at java.base/java.util.ArrayList.forEach(ArrayList.java:1596)
	at org.testng.TestRunner.privateRun(TestRunner.java:848)
	at org.testng.TestRunner.run(TestRunner.java:621)
	at org.testng.SuiteRunner.runTest(SuiteRunner.java:443)
	at org.testng.SuiteRunner.runSequentially(SuiteRunner.java:437)
	at org.testng.SuiteRunner.privateRun(SuiteRunner.java:397)
	at org.testng.SuiteRunner.run(SuiteRunner.java:336)
	at org.testng.SuiteRunnerWorker.runSuite(SuiteRunnerWorker.java:52)
	at org.testng.SuiteRunnerWorker.run(SuiteRunnerWorker.java:95)
	at org.testng.TestNG.runSuitesSequentially(TestNG.java:1280)
	at org.testng.TestNG.runSuitesLocally(TestNG.java:1200)
	at org.testng.TestNG.runSuites(TestNG.java:1114)
	at org.testng.TestNG.run(TestNG.java:1082)
	at org.testng.remote.AbstractRemoteTestNG.run(AbstractRemoteTestNG.java:115)
	at org.testng.remote.RemoteTestNG.initAndRun(RemoteTestNG.java:293)
	at org.testng.remote.RemoteTestNG.main(RemoteTestNG.java:91)

18:50:22.720 [main] INFO  org.testng.internal.Utils - [TestNG] Time taken by org.testng.reporters.SuiteHTMLReporter@33db72bd: 24 ms
18:50:22.851 [main] INFO  org.testng.internal.Utils - [TestNG] Time taken by org.testng.reporters.jq.Main@19b047fe: 130 ms
18:50:22.870 [main] INFO  org.testng.internal.Utils - [TestNG] Time taken by org.testng.reporters.FailedReporter@3bae64d0: 19 ms
18:50:22.882 [main] INFO  org.testng.internal.Utils - [TestNG] Time taken by org.testng.reporters.XMLReporter@43a51d00: 12 ms
18:50:22.889 [main] INFO  org.testng.internal.Utils - [TestNG] Time taken by org.testng.reporters.EmailableReporter2@5c20aab9: 7 ms
18:50:22.898 [main] INFO  org.testng.internal.Utils - [TestNG] Time taken by org.testng.reporters.JUnitReportReporter@1640c151: 8 ms
18:50:22.899 [main] INFO  org.testng.internal.Utils - [TestNG] Time taken by org.testng.internal.ExitCodeListener@5d5b5fa7: 1 ms
18:51:25.770 [main] INFO  org.testng.internal.Utils - [TestNG] Running:
  C:\Users\Intel\eclipse-workspace\EcommerceApp\testng.xml

18:51:30.516 [main] INFO  com.ecom.testcases.TC003_DDLoginTest - Application Launched Successfully
18:53:14.187 [main] INFO  org.testng.internal.Utils - [TestNG] Running:
  C:\Users\Intel\eclipse-workspace\EcommerceApp\testng.xml

18:53:19.345 [main] INFO  com.ecom.testcases.TC003_DDLoginTest - Application Launched Successfully
18:58:36.647 [main] INFO  org.testng.internal.Utils - [TestNG] Running:
  C:\Users\Intel\eclipse-workspace\EcommerceApp\testng.xml

18:58:41.455 [main] INFO  com.ecom.testcases.TC003_DDLoginTest - Application Launched Successfully
19:00:16.554 [main] INFO  org.testng.internal.Utils - [TestNG] Running:
  C:\Users\Intel\eclipse-workspace\EcommerceApp\testng.xml

19:00:21.128 [main] INFO  com.ecom.testcases.TC003_DDLoginTest - Application Launched Successfully
19:13:35.308 [main] INFO  org.testng.internal.Utils - [TestNG] Running:
  C:\Users\Intel\eclipse-workspace\EcommerceApp\testng.xml

19:13:39.893 [main] INFO  com.ecom.testcases.TC003_DDLoginTest - Application Launched Successfully
22:27:56.214 [main] INFO  org.testng.internal.Utils - [TestNG] Running:
  C:\Users\Intel\eclipse-workspace\EcommerceApp\testng.xml

22:28:00.669 [main] INFO  com.ecom.testcases.TC003_DDLoginTest - Application Launched Successfully
22:30:58.967 [main] INFO  org.testng.internal.Utils - [TestNG] Running:
  C:\Users\Intel\eclipse-workspace\EcommerceApp\testng.xml

22:31:04.691 [main] INFO  com.ecom.testcases.TC003_DDLoginTest - Application Launched Successfully
22:59:50.510 [main] INFO  org.testng.internal.Utils - [TestNG] Running:
  C:\Users\Intel\eclipse-workspace\EcommerceApp\testng.xml

22:59:56.983 [main] INFO  com.ecom.testcases.TC003_DDLoginTest - Application Launched Successfully
23:01:03.366 [main] INFO  org.testng.internal.Utils - [TestNG] Running:
  C:\Users\Intel\eclipse-workspace\EcommerceApp\testng.xml

23:01:09.109 [main] INFO  com.ecom.testcases.TC003_DDLoginTest - Application Launched Successfully
23:03:50.387 [main] INFO  org.testng.internal.Utils - [TestNG] Running:
  C:\Users\Intel\eclipse-workspace\EcommerceApp\testng.xml

23:03:57.752 [main] INFO  com.ecom.testcases.TC003_DDLoginTest - Application Launched Successfully
23:10:38.291 [main] INFO  org.testng.internal.Utils - [TestNG] Running:
  C:\Users\Intel\eclipse-workspace\EcommerceApp\testng.xml

23:10:43.389 [main] INFO  com.ecom.testcases.TC001_TestAccountRegistration - Application Launched Successfully
23:10:43.415 [main] INFO  com.ecom.testcases.TC001_TestAccountRegistration - ****   Home Page is displayed    ****
23:10:49.480 [main] INFO  com.ecom.testcases.TC002_TestLogin - Application Launched Successfully
23:10:51.376 [main] INFO  com.ecom.testcases.TC002_TestLogin - Logged in Successfully
23:10:56.028 [main] INFO  com.ecom.testcases.TC003_DDLoginTest - Application Launched Successfully
23:13:14.424 [main] INFO  org.testng.internal.Utils - [TestNG] Running:
  C:\Users\Intel\eclipse-workspace\EcommerceApp\testng.xml

23:13:19.311 [main] INFO  com.ecom.testcases.TC001_TestAccountRegistration - Application Launched Successfully
23:13:19.332 [main] INFO  com.ecom.testcases.TC001_TestAccountRegistration - ****   Home Page is displayed    ****
23:13:27.259 [main] INFO  com.ecom.testcases.TC002_TestLogin - Application Launched Successfully
23:13:29.035 [main] INFO  com.ecom.testcases.TC002_TestLogin - Logged in Successfully
2025-03-27 23:25:39.915 [main] INFO  org.testng.internal.Utils - [TestNG] Running:
  C:\Users\Intel\eclipse-workspace\EcommerceApp\testng.xml

2025-03-27 23:25:45.215 [main] INFO  com.ecom.testcases.TC001_TestAccountRegistration - Application Launched Successfully
2025-03-27 23:25:45.238 [main] INFO  com.ecom.testcases.TC001_TestAccountRegistration - ****   Home Page is displayed    ****
2025-03-27 23:25:51.572 [main] INFO  com.ecom.testcases.TC002_TestLogin - Application Launched Successfully
2025-03-27 23:25:53.508 [main] INFO  com.ecom.testcases.TC002_TestLogin - Logged in Successfully
2025-03-28 23:01:01.124 [main] INFO  org.testng.internal.Utils - [TestNG] Running:
  C:\Users\Intel\eclipse-workspace\EcommerceApp\parallel.xml

2025-03-28 23:01:06.469 [TestNG-tests-2] INFO  com.ecom.testcases.TC002_TestLogin - Application Launched Successfully
2025-03-28 23:01:10.875 [TestNG-tests-1] INFO  com.ecom.testcases.TC001_TestAccountRegistration - Application Launched Successfully
2025-03-28 23:01:10.890 [TestNG-tests-1] INFO  com.ecom.testcases.TC001_TestAccountRegistration - ****   Home Page is displayed    ****
2025-03-28 23:01:19.506 [TestNG-tests-1] INFO  com.ecom.testcases.TC001_TestAccountRegistration - ****   Account Registration completed    ****
2025-03-28 23:01:38.583 [TestNG-tests-3] INFO  com.ecom.testcases.TC002_TestLogin - Application Launched Successfully
2025-03-28 23:01:40.304 [TestNG-tests-3] INFO  com.ecom.testcases.TC002_TestLogin - Logged in Successfully
2025-03-28 23:03:36.173 [main] INFO  org.testng.internal.Utils - [TestNG] Running:
  C:\Users\Intel\eclipse-workspace\EcommerceApp\parallel.xml

2025-03-28 23:03:41.167 [TestNG-tests-1] INFO  com.ecom.testcases.TC001_TestAccountRegistration - Application Launched Successfully
2025-03-28 23:03:41.176 [TestNG-tests-1] INFO  com.ecom.testcases.TC001_TestAccountRegistration - ****   Home Page is displayed    ****
2025-03-28 23:03:43.872 [TestNG-tests-1] INFO  com.ecom.testcases.TC001_TestAccountRegistration - ****   Account Registration completed    ****
2025-03-28 23:12:25.613 [main] INFO  org.testng.internal.Utils - [TestNG] Running:
  C:\Users\Intel\eclipse-workspace\EcommerceApp\parallel.xml

2025-03-28 23:12:28.366 [TestNG-tests-1] INFO  com.ecom.testcases.TC001_TestAccountRegistration - Application Launched Successfully
2025-03-28 23:12:28.371 [TestNG-tests-1] INFO  com.ecom.testcases.TC001_TestAccountRegistration - ****   Home Page is displayed    ****
2025-03-28 23:12:30.752 [TestNG-tests-1] INFO  com.ecom.testcases.TC001_TestAccountRegistration - ****   Account Registration completed    ****
2025-03-28 23:14:15.391 [main] INFO  org.testng.internal.Utils - [TestNG] Running:
  C:\Users\Intel\eclipse-workspace\EcommerceApp\parallel.xml

2025-03-28 23:14:18.719 [TestNG-tests-1] INFO  com.ecom.testcases.TC001_TestAccountRegistration - Application Launched Successfully
2025-03-28 23:14:18.729 [TestNG-tests-1] INFO  com.ecom.testcases.TC001_TestAccountRegistration - ****   Home Page is displayed    ****
2025-03-28 23:14:22.438 [TestNG-tests-2] INFO  com.ecom.testcases.TC002_TestLogin - Application Launched Successfully
2025-03-28 23:14:24.814 [TestNG-tests-1] INFO  com.ecom.testcases.TC001_TestAccountRegistration - ****   Account Registration completed    ****
2025-03-28 23:14:24.840 [TestNG-tests-2] INFO  com.ecom.testcases.TC002_TestLogin - Logged in Successfully
2025-03-28 23:16:01.970 [main] INFO  org.testng.internal.Utils - [TestNG] Running:
  C:\Users\Intel\eclipse-workspace\EcommerceApp\parallel.xml

2025-03-28 23:16:06.051 [TestNG-tests-1] INFO  com.ecom.testcases.TC001_TestAccountRegistration - Application Launched Successfully
2025-03-28 23:16:06.081 [TestNG-tests-1] INFO  com.ecom.testcases.TC001_TestAccountRegistration - ****   Home Page is displayed    ****
2025-03-28 23:16:11.842 [TestNG-tests-2] INFO  com.ecom.testcases.TC002_TestLogin - Application Launched Successfully
2025-03-28 23:16:16.980 [TestNG-tests-1] INFO  com.ecom.testcases.TC001_TestAccountRegistration - ****   Exception has thrown. Test failed    ****
2025-03-28 23:16:16.993 [TestNG-tests-3] INFO  com.ecom.testcases.TC002_TestLogin - Application Launched Successfully
2025-03-28 23:23:44.888 [main] INFO  org.testng.internal.Utils - [TestNG] Running:
  C:\Users\Intel\eclipse-workspace\EcommerceApp\parallel.xml

2025-03-28 23:23:48.114 [TestNG-tests-1] INFO  com.ecom.testcases.TC001_TestAccountRegistration - Application Launched Successfully
2025-03-28 23:23:48.141 [TestNG-tests-1] INFO  com.ecom.testcases.TC001_TestAccountRegistration - ****   Home Page is displayed    ****
2025-03-28 23:23:55.620 [TestNG-tests-2] INFO  com.ecom.testcases.TC002_TestLogin - Application Launched Successfully
2025-03-28 23:23:55.674 [TestNG-tests-1] INFO  com.ecom.testcases.TC001_TestAccountRegistration - ****   Exception has thrown. Test failed    ****
2025-03-28 23:24:01.183 [TestNG-tests-2] INFO  com.ecom.testcases.TC002_TestLogin - Application Launched Successfully
2025-03-28 23:24:02.990 [TestNG-tests-2] INFO  com.ecom.testcases.TC002_TestLogin - Logged in Successfully
2025-03-28 23:27:41.935 [main] INFO  org.testng.internal.Utils - [TestNG] Running:
  C:\Users\Intel\eclipse-workspace\EcommerceApp\parallel.xml

2025-03-28 23:27:47.494 [TestNG-tests-1] INFO  com.ecom.testcases.TC001_TestAccountRegistration - Application Launched Successfully
2025-03-28 23:27:47.529 [TestNG-tests-1] INFO  com.ecom.testcases.TC001_TestAccountRegistration - ****   Home Page is displayed    ****
2025-03-28 23:27:51.493 [TestNG-tests-2] INFO  com.ecom.testcases.TC002_TestLogin - Application Launched Successfully
2025-03-28 23:27:56.646 [TestNG-tests-1] INFO  com.ecom.testcases.TC001_TestAccountRegistration - ****   Exception has thrown. Test failed    ****
2025-03-28 23:33:01.318 [main] INFO  org.testng.internal.Utils - [TestNG] Running:
  C:\Users\Intel\eclipse-workspace\EcommerceApp\crossbrowsertests.xml

2025-03-28 23:33:04.507 [main] INFO  com.ecom.testcases.TC001_TestAccountRegistration - Application Launched Successfully
2025-03-28 23:33:04.542 [main] INFO  com.ecom.testcases.TC001_TestAccountRegistration - ****   Home Page is displayed    ****
2025-03-28 23:33:06.734 [main] INFO  com.ecom.testcases.TC001_TestAccountRegistration - ****   Account Registration completed    ****
2025-03-28 23:33:12.357 [main] INFO  com.ecom.testcases.TC002_TestLogin - Application Launched Successfully
2025-03-28 23:33:13.774 [main] INFO  com.ecom.testcases.TC002_TestLogin - Logged in Successfully
2025-03-28 23:33:19.296 [main] INFO  com.ecom.testcases.TC002_TestLogin - Application Launched Successfully
2025-03-28 23:33:20.871 [main] INFO  com.ecom.testcases.TC002_TestLogin - Logged in Successfully
2025-03-28 23:34:16.453 [main] INFO  org.testng.internal.Utils - [TestNG] Running:
  C:\Users\Intel\eclipse-workspace\EcommerceApp\crossbrowsertests.xml

2025-03-28 23:34:19.329 [TestNG-tests-1] INFO  com.ecom.testcases.TC001_TestAccountRegistration - Application Launched Successfully
2025-03-28 23:34:19.363 [TestNG-tests-1] INFO  com.ecom.testcases.TC001_TestAccountRegistration - ****   Home Page is displayed    ****
2025-03-28 23:34:22.002 [TestNG-tests-2] INFO  com.ecom.testcases.TC002_TestLogin - Application Launched Successfully
2025-03-28 23:34:24.391 [TestNG-tests-2] INFO  com.ecom.testcases.TC002_TestLogin - Logged in Successfully
2025-03-28 23:34:24.425 [TestNG-tests-1] INFO  com.ecom.testcases.TC001_TestAccountRegistration - ****   Account Registration completed    ****
2025-03-28 23:34:31.974 [TestNG-tests-2] INFO  com.ecom.testcases.TC002_TestLogin - Application Launched Successfully
2025-03-28 23:34:34.210 [TestNG-tests-2] INFO  com.ecom.testcases.TC002_TestLogin - Logged in Successfully
2025-03-28 23:36:19.627 [main] INFO  org.testng.internal.Utils - [TestNG] Running:
  C:\Users\Intel\eclipse-workspace\EcommerceApp\testng.xml

2025-03-28 23:36:25.594 [main] INFO  com.ecom.testcases.TC001_TestAccountRegistration - Application Launched Successfully
2025-03-28 23:36:25.615 [main] INFO  com.ecom.testcases.TC001_TestAccountRegistration - ****   Home Page is displayed    ****
2025-03-28 23:36:28.466 [main] INFO  com.ecom.testcases.TC001_TestAccountRegistration - ****   Account Registration completed    ****
2025-03-28 23:36:33.549 [main] INFO  com.ecom.testcases.TC002_TestLogin - Application Launched Successfully
2025-03-28 23:36:35.194 [main] INFO  com.ecom.testcases.TC002_TestLogin - Logged in Successfully
2025-03-28 23:38:32.527 [main] INFO  org.testng.internal.Utils - [TestNG] Running:
  C:\Users\Intel\eclipse-workspace\EcommerceApp\parallel.xml

2025-03-28 23:38:39.683 [TestNG-tests-3] INFO  com.ecom.testcases.TC002_TestLogin - Application Launched Successfully
2025-03-28 23:38:40.706 [TestNG-tests-1] INFO  com.ecom.testcases.TC001_TestAccountRegistration - Application Launched Successfully
2025-03-28 23:38:40.713 [TestNG-tests-1] INFO  com.ecom.testcases.TC001_TestAccountRegistration - ****   Home Page is displayed    ****
2025-03-28 23:38:41.142 [TestNG-tests-2] INFO  com.ecom.testcases.TC002_TestLogin - Application Launched Successfully
2025-03-28 23:38:47.653 [TestNG-tests-1] INFO  com.ecom.testcases.TC001_TestAccountRegistration - ****   Exception has thrown. Test failed    ****
2025-03-28 23:39:27.475 [main] INFO  org.testng.internal.Utils - [TestNG] Running:
  C:\Users\Intel\eclipse-workspace\EcommerceApp\parallel.xml

2025-03-28 23:39:32.199 [TestNG-tests-1] INFO  com.ecom.testcases.TC001_TestAccountRegistration - Application Launched Successfully
2025-03-28 23:39:32.231 [TestNG-tests-1] INFO  com.ecom.testcases.TC001_TestAccountRegistration - ****   Home Page is displayed    ****
2025-03-28 23:39:34.444 [TestNG-tests-1] INFO  com.ecom.testcases.TC001_TestAccountRegistration - ****   Account Registration completed    ****
2025-03-28 23:39:39.515 [TestNG-tests-2] INFO  com.ecom.testcases.TC002_TestLogin - Application Launched Successfully
2025-03-28 23:39:41.019 [TestNG-tests-2] INFO  com.ecom.testcases.TC002_TestLogin - Logged in Successfully
2025-03-28 23:39:53.904 [TestNG-tests-3] INFO  com.ecom.testcases.TC002_TestLogin - Application Launched Successfully
2025-03-28 23:39:55.348 [TestNG-tests-3] INFO  com.ecom.testcases.TC002_TestLogin - Logged in Successfully
2025-03-28 23:41:36.084 [main] INFO  org.testng.internal.Utils - [TestNG] Running:
  C:\Users\Intel\eclipse-workspace\EcommerceApp\testng.xml

2025-03-28 23:41:40.774 [main] INFO  com.ecom.testcases.TC001_TestAccountRegistration - Application Launched Successfully
2025-03-28 23:41:40.798 [main] INFO  com.ecom.testcases.TC001_TestAccountRegistration - ****   Home Page is displayed    ****
2025-03-28 23:41:42.842 [main] INFO  com.ecom.testcases.TC001_TestAccountRegistration - ****   Account Registration completed    ****
2025-03-28 23:41:48.160 [main] INFO  com.ecom.testcases.TC002_TestLogin - Application Launched Successfully
2025-03-28 23:41:49.611 [main] INFO  com.ecom.testcases.TC002_TestLogin - Logged in Successfully
2025-03-28 23:41:55.179 [main] INFO  com.ecom.testcases.TC003_DDLoginTest - Application Launched Successfully
2025-03-28 23:44:37.908 [main] INFO  org.testng.internal.Utils - [TestNG] Running:
  C:\Users\Intel\eclipse-workspace\EcommerceApp\parallel.xml

2025-03-28 23:44:45.147 [TestNG-tests-3] INFO  com.ecom.testcases.TC002_TestLogin - Application Launched Successfully
2025-03-28 23:44:45.388 [TestNG-tests-2] INFO  com.ecom.testcases.TC002_TestLogin - Application Launched Successfully
2025-03-28 23:44:45.416 [TestNG-tests-1] INFO  com.ecom.testcases.TC001_TestAccountRegistration - Application Launched Successfully
2025-03-28 23:44:45.421 [TestNG-tests-1] INFO  com.ecom.testcases.TC001_TestAccountRegistration - ****   Home Page is displayed    ****
2025-03-28 23:44:51.161 [TestNG-tests-1] INFO  com.ecom.testcases.TC001_TestAccountRegistration - ****   Exception has thrown. Test failed    ****
2025-03-28 23:45:19.567 [main] INFO  org.testng.internal.Utils - [TestNG] Running:
  C:\Users\Intel\eclipse-workspace\EcommerceApp\parallel.xml

2025-03-28 23:45:23.281 [TestNG-tests-1] INFO  com.ecom.testcases.TC001_TestAccountRegistration - Application Launched Successfully
2025-03-28 23:45:23.310 [TestNG-tests-1] INFO  com.ecom.testcases.TC001_TestAccountRegistration - ****   Home Page is displayed    ****
2025-03-28 23:45:26.635 [TestNG-tests-2] INFO  com.ecom.testcases.TC002_TestLogin - Application Launched Successfully
2025-03-28 23:45:31.863 [TestNG-tests-3] INFO  com.ecom.testcases.TC002_TestLogin - Application Launched Successfully
2025-03-28 23:45:32.877 [TestNG-tests-1] INFO  com.ecom.testcases.TC001_TestAccountRegistration - ****   Exception has thrown. Test failed    ****
2025-03-28 23:47:02.515 [main] INFO  org.testng.internal.Utils - [TestNG] Running:
  C:\Users\Intel\eclipse-workspace\EcommerceApp\parallel.xml

2025-03-28 23:47:06.033 [TestNG-tests-1] INFO  com.ecom.testcases.TC001_TestAccountRegistration - Application Launched Successfully
2025-03-28 23:47:06.053 [TestNG-tests-1] INFO  com.ecom.testcases.TC001_TestAccountRegistration - ****   Home Page is displayed    ****
2025-03-28 23:47:08.812 [TestNG-tests-2] INFO  com.ecom.testcases.TC002_TestLogin - Application Launched Successfully
2025-03-28 23:47:13.121 [TestNG-tests-3] INFO  com.ecom.testcases.TC002_TestLogin - Application Launched Successfully
2025-03-28 23:47:13.944 [TestNG-tests-1] INFO  com.ecom.testcases.TC001_TestAccountRegistration - ****   Exception has thrown. Test failed    ****
2025-03-28 23:48:58.300 [main] INFO  org.testng.internal.Utils - [TestNG] Running:
  C:\Users\Intel\eclipse-workspace\EcommerceApp\parallel.xml

2025-03-28 23:49:02.111 [TestNG-tests-1] INFO  com.ecom.testcases.TC001_TestAccountRegistration - Application Launched Successfully
2025-03-28 23:49:02.139 [TestNG-tests-1] INFO  com.ecom.testcases.TC001_TestAccountRegistration - ****   Home Page is displayed    ****
2025-03-28 23:49:05.980 [TestNG-tests-2] INFO  com.ecom.testcases.TC002_TestLogin - Application Launched Successfully
2025-03-28 23:49:06.967 [TestNG-tests-1] INFO  com.ecom.testcases.TC001_TestAccountRegistration - ****   Account Registration completed    ****
2025-03-28 23:49:10.550 [TestNG-tests-3] INFO  com.ecom.testcases.TC002_TestLogin - Application Launched Successfully
2025-03-28 23:49:12.257 [TestNG-tests-3] INFO  com.ecom.testcases.TC002_TestLogin - Logged in Successfully
2025-03-28 23:50:42.628 [main] INFO  org.testng.internal.Utils - [TestNG] Running:
  C:\Users\Intel\eclipse-workspace\EcommerceApp\parallel.xml

2025-03-28 23:50:46.245 [TestNG-tests-1] INFO  com.ecom.testcases.TC001_TestAccountRegistration - Application Launched Successfully
2025-03-28 23:50:46.306 [TestNG-tests-1] INFO  com.ecom.testcases.TC001_TestAccountRegistration - ****   Home Page is displayed    ****
2025-03-28 23:50:49.044 [TestNG-tests-2] INFO  com.ecom.testcases.TC002_TestLogin - Application Launched Successfully
2025-03-28 23:50:53.379 [TestNG-tests-3] INFO  com.ecom.testcases.TC002_TestLogin - Application Launched Successfully
2025-03-28 23:50:54.296 [TestNG-tests-1] INFO  com.ecom.testcases.TC001_TestAccountRegistration - ****   Exception has thrown. Test failed    ****
2025-03-28 23:55:09.571 [main] INFO  org.testng.internal.Utils - [TestNG] Running:
  C:\Users\Intel\eclipse-workspace\EcommerceApp\testng.xml

2025-03-28 23:55:14.219 [main] INFO  com.ecom.testcases.TC001_TestAccountRegistration - Application Launched Successfully
2025-03-28 23:55:14.255 [main] INFO  com.ecom.testcases.TC001_TestAccountRegistration - ****   Home Page is displayed    ****
2025-03-28 23:55:16.108 [main] INFO  com.ecom.testcases.TC001_TestAccountRegistration - ****   Account Registration completed    ****
2025-03-28 23:55:21.268 [main] INFO  com.ecom.testcases.TC002_TestLogin - Application Launched Successfully
2025-03-28 23:55:22.479 [main] INFO  com.ecom.testcases.TC002_TestLogin - Logged in Successfully
2025-03-28 23:56:58.124 [main] INFO  org.testng.internal.Utils - [TestNG] Running:
  C:\Users\Intel\eclipse-workspace\EcommerceApp\parallel.xml

2025-03-28 23:57:03.151 [TestNG-tests-1] INFO  com.ecom.testcases.TC001_TestAccountRegistration - Application Launched Successfully
2025-03-28 23:57:03.172 [TestNG-tests-1] INFO  com.ecom.testcases.TC001_TestAccountRegistration - ****   Home Page is displayed    ****
2025-03-28 23:57:05.138 [TestNG-tests-2] INFO  com.ecom.testcases.TC002_TestLogin - Application Launched Successfully
2025-03-28 23:57:09.977 [TestNG-tests-3] INFO  com.ecom.testcases.TC002_TestLogin - Application Launched Successfully
2025-03-28 23:57:11.829 [TestNG-tests-1] INFO  com.ecom.testcases.TC001_TestAccountRegistration - ****   Exception has thrown. Test failed    ****
2025-03-28 23:58:13.553 [main] INFO  org.testng.internal.Utils - [TestNG] Running:
  C:\Users\Intel\eclipse-workspace\EcommerceApp\crossbrowsertests.xml

2025-03-28 23:58:16.794 [main] INFO  com.ecom.testcases.TC001_TestAccountRegistration - Application Launched Successfully
2025-03-28 23:58:16.818 [main] INFO  com.ecom.testcases.TC001_TestAccountRegistration - ****   Home Page is displayed    ****
2025-03-28 23:58:18.680 [main] INFO  com.ecom.testcases.TC001_TestAccountRegistration - ****   Account Registration completed    ****
2025-03-28 23:58:23.070 [main] INFO  com.ecom.testcases.TC002_TestLogin - Application Launched Successfully
2025-03-28 23:58:24.430 [main] INFO  com.ecom.testcases.TC002_TestLogin - Logged in Successfully
2025-03-28 23:58:30.023 [main] INFO  com.ecom.testcases.TC002_TestLogin - Application Launched Successfully
2025-03-28 23:58:31.341 [main] INFO  com.ecom.testcases.TC002_TestLogin - Logged in Successfully
2025-03-28 23:59:44.861 [main] INFO  org.testng.internal.Utils - [TestNG] Running:
  C:\Users\Intel\eclipse-workspace\EcommerceApp\parallel.xml

2025-03-28 23:59:49.023 [TestNG-tests-1] INFO  com.ecom.testcases.TC001_TestAccountRegistration - Application Launched Successfully
2025-03-28 23:59:49.065 [TestNG-tests-1] INFO  com.ecom.testcases.TC001_TestAccountRegistration - ****   Home Page is displayed    ****
2025-03-28 23:59:51.990 [TestNG-tests-2] INFO  com.ecom.testcases.TC002_TestLogin - Application Launched Successfully
2025-03-28 23:59:57.102 [TestNG-tests-3] INFO  com.ecom.testcases.TC002_TestLogin - Application Launched Successfully
2025-03-28 23:59:58.039 [TestNG-tests-1] INFO  com.ecom.testcases.TC001_TestAccountRegistration - ****   Exception has thrown. Test failed    ****
2025-03-29 19:02:45.567 [main] INFO  org.testng.internal.Utils - [TestNG] Running:
  C:\Users\Intel\eclipse-workspace\EcommerceApp\grid-docker.xml

2025-03-29 19:02:58.419 [main] INFO  com.ecom.testcases.TC001_TestAccountRegistration - Application Launched Successfully
2025-03-29 19:02:58.455 [main] INFO  com.ecom.testcases.TC001_TestAccountRegistration - ****   Home Page is displayed    ****
2025-03-29 19:03:03.898 [main] INFO  com.ecom.testcases.TC001_TestAccountRegistration - ****   Account Registration completed    ****
2025-03-29 19:03:28.925 [main] INFO  com.ecom.testcases.TC002_TestLogin - Application Launched Successfully
2025-03-29 19:03:31.634 [main] INFO  com.ecom.testcases.TC002_TestLogin - Logged in Successfully
2025-03-29 20:02:56.091 [main] INFO  org.testng.internal.Utils - [TestNG] Running:
  C:\Users\Intel\eclipse-workspace\EcommerceApp\grid-docker.xml

2025-03-29 20:02:56.400 [main] INFO  com.ecom.testcases.TC001_TestAccountRegistration - Executing test suite in remote environment
2025-03-29 20:02:58.916 [main] INFO  com.ecom.testcases.TC002_TestLogin - Executing test suite in remote environment
2025-03-29 20:02:59.448 [main] INFO  com.ecom.testcases.TC002_TestLogin - Executing test suite in remote environment
2025-03-29 20:16:17.452 [main] INFO  org.testng.internal.Utils - [TestNG] Running:
  C:\Users\Intel\eclipse-workspace\EcommerceApp\grid-docker.xml

2025-03-29 20:16:17.703 [TestNG-tests-1] INFO  com.ecom.testcases.TC001_TestAccountRegistration - Executing test suite in remote environment
2025-03-29 20:16:17.843 [TestNG-tests-3] INFO  com.ecom.testcases.TC002_TestLogin - Executing test suite in remote environment
2025-03-29 20:16:17.844 [TestNG-tests-2] INFO  com.ecom.testcases.TC002_TestLogin - Executing test suite in remote environment
2025-03-29 20:17:47.599 [TestNG-tests-2] INFO  com.ecom.testcases.TC003_DDLoginTest - Executing test suite in remote environment
2025-03-29 20:17:52.154 [TestNG-tests-1] INFO  com.ecom.testcases.TC001_TestAccountRegistration - Application Launched Successfully
2025-03-29 20:17:52.197 [TestNG-tests-1] INFO  com.ecom.testcases.TC001_TestAccountRegistration - ****   Home Page is displayed    ****
2025-03-29 20:20:39.552 [TestNG-tests-1] INFO  com.ecom.testcases.TC001_TestAccountRegistration - ****   Account Registration completed    ****
2025-03-29 22:10:51.228 [main] INFO  org.testng.internal.Utils - [TestNG] Running:
  C:\Users\Intel\eclipse-workspace\EcommerceApp\testng.xml

2025-03-29 22:10:51.527 [main] INFO  com.ecom.testcases.TC001_TestAccountRegistration - Executing test suite in local environment
2025-03-29 22:10:54.835 [main] INFO  com.ecom.testcases.TC001_TestAccountRegistration - Application Launched Successfully
2025-03-29 22:10:54.892 [main] INFO  com.ecom.testcases.TC001_TestAccountRegistration - ****   Home Page is displayed    ****
2025-03-29 22:10:56.934 [main] INFO  com.ecom.testcases.TC001_TestAccountRegistration - ****   Account Registration completed    ****
2025-03-29 22:10:58.267 [main] INFO  com.ecom.testcases.TC002_TestLogin - Executing test suite in local environment
2025-03-29 22:11:00.383 [main] INFO  com.ecom.testcases.TC002_TestLogin - Application Launched Successfully
2025-03-29 22:11:01.752 [main] INFO  com.ecom.testcases.TC002_TestLogin - Logged in Successfully
2025-03-31 13:59:54.974 [main] INFO  com.ecom.testcases.TC001_TestAccountRegistration - Executing test suite in local environment
2025-03-31 13:59:58.687 [main] INFO  com.ecom.testcases.TC001_TestAccountRegistration - Application Launched Successfully
2025-03-31 13:59:58.706 [main] INFO  com.ecom.testcases.TC001_TestAccountRegistration - ****   Home Page is displayed    ****
2025-03-31 14:00:01.262 [main] INFO  com.ecom.testcases.TC001_TestAccountRegistration - ****   Account Registration completed    ****
2025-03-31 14:00:02.589 [main] INFO  com.ecom.testcases.TC002_TestLogin - Executing test suite in local environment
2025-03-31 14:00:04.723 [main] INFO  com.ecom.testcases.TC002_TestLogin - Application Launched Successfully
2025-03-31 14:00:06.322 [main] INFO  com.ecom.testcases.TC002_TestLogin - Logged in Successfully
2025-03-31 14:14:57.404 [main] INFO  com.ecom.testcases.TC001_TestAccountRegistration - Executing test suite in local environment
2025-03-31 14:15:00.880 [main] INFO  com.ecom.testcases.TC001_TestAccountRegistration - Application Launched Successfully
2025-03-31 14:15:00.901 [main] INFO  com.ecom.testcases.TC001_TestAccountRegistration - ****   Home Page is displayed    ****
2025-03-31 14:15:03.372 [main] INFO  com.ecom.testcases.TC001_TestAccountRegistration - ****   Account Registration completed    ****
2025-03-31 14:15:04.874 [main] INFO  com.ecom.testcases.TC002_TestLogin - Executing test suite in local environment
2025-03-31 14:15:07.072 [main] INFO  com.ecom.testcases.TC002_TestLogin - Application Launched Successfully
2025-03-31 14:15:08.554 [main] INFO  com.ecom.testcases.TC002_TestLogin - Logged in Successfully
2025-03-31 14:21:03.769 [main] INFO  com.ecom.testcases.TC001_TestAccountRegistration - Executing test suite in local environment
2025-03-31 14:21:06.569 [main] INFO  com.ecom.testcases.TC001_TestAccountRegistration - Application Launched Successfully
2025-03-31 14:21:06.599 [main] INFO  com.ecom.testcases.TC001_TestAccountRegistration - ****   Home Page is displayed    ****
2025-03-31 14:21:08.823 [main] INFO  com.ecom.testcases.TC001_TestAccountRegistration - ****   Account Registration completed    ****
2025-03-31 14:21:10.207 [main] INFO  com.ecom.testcases.TC002_TestLogin - Executing test suite in local environment
2025-03-31 14:21:12.266 [main] INFO  com.ecom.testcases.TC002_TestLogin - Application Launched Successfully
2025-03-31 14:21:13.863 [main] INFO  com.ecom.testcases.TC002_TestLogin - Logged in Successfully
2025-04-24 23:07:02.904 [main] INFO  org.testng.internal.Utils - [Utils] MethodGroupsHelper.collectMethodsByGroup() took 1 ms.
2025-04-24 23:07:02.916 [main] INFO  org.testng.internal.Utils - [Utils] MethodGroupsHelper.sortMethods() took 2 ms.
2025-04-24 23:07:02.925 [main] INFO  org.testng.internal.Utils - [Utils] MethodGroupsHelper.collectMethodsByGroup() took 0 ms.
2025-04-24 23:07:02.926 [main] INFO  org.testng.internal.Utils - [Utils] MethodGroupsHelper.sortMethods() took 0 ms.
2025-04-24 23:07:02.930 [main] INFO  org.testng.internal.Utils - [Utils] MethodGroupsHelper.collectMethodsByGroup() took 0 ms.
2025-04-24 23:07:02.931 [main] INFO  org.testng.internal.Utils - [Utils] MethodGroupsHelper.sortMethods() took 0 ms.
2025-04-24 23:07:02.933 [main] INFO  org.testng.internal.Utils - [Utils] MethodGroupsHelper.collectMethodsByGroup() took 0 ms.
2025-04-24 23:07:02.933 [main] INFO  org.testng.internal.Utils - [Utils] MethodGroupsHelper.sortMethods() took 0 ms.
2025-04-24 23:07:02.943 [main] INFO  org.testng.internal.Utils - [Utils] MethodGroupsHelper.collectMethodsByGroup() took 8 ms.
2025-04-24 23:07:02.938 [main] INFO  org.testng.internal.Utils - [Utils] MethodGroupsHelper.collectMethodsByGroup() took 0 ms.
2025-04-24 23:07:02.949 [main] INFO  org.testng.internal.Utils - [Utils] MethodGroupsHelper.sortMethods() took 1 ms.
2025-04-24 23:07:02.952 [main] INFO  org.testng.internal.Utils - [Utils] MethodGroupsHelper.collectMethodsByGroup() took 0 ms.
2025-04-24 23:07:02.952 [main] INFO  org.testng.internal.Utils - [Utils] MethodGroupsHelper.sortMethods() took 0 ms.
2025-04-24 23:07:02.952 [main] INFO  org.testng.internal.Utils - [Utils] MethodGroupsHelper.collectMethodsByGroup() took 0 ms.
2025-04-24 23:07:02.952 [main] INFO  org.testng.internal.Utils - [Utils] MethodGroupsHelper.sortMethods() took 0 ms.
2025-04-24 23:07:02.953 [main] INFO  org.testng.internal.Utils - [Utils] MethodGroupsHelper.collectMethodsByGroup() took 0 ms.
2025-04-24 23:07:02.953 [main] INFO  org.testng.internal.Utils - [Utils] MethodGroupsHelper.sortMethods() took 0 ms.
2025-04-24 23:07:02.955 [main] INFO  org.testng.internal.Utils - [Utils] MethodGroupsHelper.sortMethods() took 10 ms.
2025-04-24 23:07:02.957 [main] INFO  org.testng.internal.Utils - [Utils] MethodGroupsHelper.collectMethodsByGroup() took 0 ms.
2025-04-24 23:07:02.958 [main] INFO  org.testng.internal.Utils - [Utils] MethodGroupsHelper.sortMethods() took 1 ms.
2025-04-24 23:07:02.959 [main] INFO  org.testng.internal.Utils - [Utils] MethodGroupsHelper.collectMethodsByGroup() took 0 ms.
2025-04-24 23:07:02.959 [main] INFO  org.testng.internal.Utils - [Utils] MethodGroupsHelper.sortMethods() took 0 ms.
2025-04-24 23:07:02.959 [main] INFO  org.testng.internal.Utils - [Utils] MethodGroupsHelper.collectMethodsByGroup() took 0 ms.
2025-04-24 23:07:02.960 [main] INFO  org.testng.internal.Utils - [Utils] MethodGroupsHelper.sortMethods() took 0 ms.
2025-04-24 23:07:02.962 [main] INFO  org.testng.internal.Utils - [Utils] MethodGroupsHelper.collectMethodsByGroup() took 0 ms.
2025-04-24 23:07:02.963 [main] INFO  org.testng.internal.Utils - [Utils] MethodGroupsHelper.collectMethodsByGroup() took 8 ms.
2025-04-24 23:07:02.963 [main] INFO  org.testng.internal.Utils - [Utils] MethodGroupsHelper.sortMethods() took 0 ms.
2025-04-24 23:07:02.964 [main] INFO  org.testng.internal.Utils - [Utils] MethodGroupsHelper.collectMethodsByGroup() took 0 ms.
2025-04-24 23:07:02.964 [main] INFO  org.testng.internal.Utils - [Utils] MethodGroupsHelper.sortMethods() took 0 ms.
2025-04-24 23:07:02.965 [main] INFO  org.testng.internal.Utils - [Utils] MethodGroupsHelper.collectMethodsByGroup() took 0 ms.
2025-04-24 23:07:02.965 [main] INFO  org.testng.internal.Utils - [Utils] MethodGroupsHelper.sortMethods() took 0 ms.
2025-04-24 23:07:02.965 [main] INFO  org.testng.internal.Utils - [Utils] MethodGroupsHelper.collectMethodsByGroup() took 0 ms.
2025-04-24 23:07:02.965 [main] INFO  org.testng.internal.Utils - [Utils] MethodGroupsHelper.sortMethods() took 0 ms.
2025-04-24 23:07:02.967 [main] INFO  org.testng.internal.Utils - [Utils] MethodGroupsHelper.collectMethodsByGroup() took 0 ms.
2025-04-24 23:07:02.968 [main] INFO  org.testng.internal.Utils - [Utils] MethodGroupsHelper.sortMethods() took 0 ms.
2025-04-24 23:07:02.969 [main] INFO  org.testng.internal.Utils - [Utils] MethodGroupsHelper.collectMethodsByGroup() took 0 ms.
2025-04-24 23:07:02.969 [main] INFO  org.testng.internal.Utils - [Utils] MethodGroupsHelper.sortMethods() took 0 ms.
2025-04-24 23:07:02.970 [main] INFO  org.testng.internal.Utils - [Utils] MethodGroupsHelper.collectMethodsByGroup() took 0 ms.
2025-04-24 23:07:02.970 [main] INFO  org.testng.internal.Utils - [Utils] MethodGroupsHelper.sortMethods() took 0 ms.
2025-04-24 23:07:02.972 [main] INFO  org.testng.internal.Utils - [Utils] MethodGroupsHelper.sortMethods() took 9 ms.
2025-04-24 23:07:02.975 [main] INFO  org.testng.internal.Utils - [Utils] MethodGroupsHelper.collectMethodsByGroup() took 0 ms.
2025-04-24 23:07:02.975 [main] INFO  org.testng.internal.Utils - [Utils] MethodGroupsHelper.sortMethods() took 0 ms.
2025-04-24 23:07:02.976 [main] INFO  org.testng.internal.Utils - [Utils] MethodGroupsHelper.collectMethodsByGroup() took 0 ms.
2025-04-24 23:07:02.976 [main] INFO  org.testng.internal.Utils - [Utils] MethodGroupsHelper.sortMethods() took 0 ms.
2025-04-24 23:07:02.976 [main] INFO  org.testng.internal.Utils - [Utils] MethodGroupsHelper.collectMethodsByGroup() took 0 ms.
2025-04-24 23:07:02.976 [main] INFO  org.testng.internal.Utils - [Utils] MethodGroupsHelper.sortMethods() took 0 ms.
2025-04-24 23:07:02.979 [main] INFO  org.testng.internal.Utils - [Utils] MethodGroupsHelper.collectMethodsByGroup() took 0 ms.
2025-04-24 23:07:02.979 [main] INFO  org.testng.internal.Utils - [Utils] MethodGroupsHelper.sortMethods() took 0 ms.
2025-04-24 23:07:02.980 [main] INFO  org.testng.internal.Utils - [Utils] MethodGroupsHelper.collectMethodsByGroup() took 0 ms.
2025-04-24 23:07:02.980 [main] INFO  org.testng.internal.Utils - [Utils] MethodGroupsHelper.sortMethods() took 0 ms.
2025-04-24 23:07:02.981 [main] INFO  org.testng.internal.Utils - [TestNG] Running:
  C:\Users\Intel\AppData\Local\Temp\testng-eclipse-5232912\testng-customsuite.xml

2025-04-24 23:07:02.981 [main] INFO  org.testng.internal.Utils - [Utils] MethodGroupsHelper.collectMethodsByGroup() took 0 ms.
2025-04-24 23:07:02.982 [main] INFO  org.testng.internal.Utils - [Utils] MethodGroupsHelper.sortMethods() took 0 ms.
2025-04-24 23:07:02.982 [main] INFO  org.testng.internal.Utils - [Utils] MethodGroupsHelper.collectMethodsByGroup() took 0 ms.
2025-04-24 23:07:02.982 [main] INFO  org.testng.internal.Utils - [Utils] MethodGroupsHelper.sortMethods() took 0 ms.
2025-04-24 23:07:02.984 [main] INFO  org.testng.internal.Utils - [Utils] MethodGroupsHelper.collectMethodsByGroup() took 1 ms.
2025-04-24 23:07:02.984 [main] INFO  org.testng.internal.Utils - [Utils] MethodGroupsHelper.sortMethods() took 0 ms.
2025-04-24 23:07:02.986 [main] INFO  org.testng.internal.Utils - [Utils] MethodGroupsHelper.collectMethodsByGroup() took 1 ms.
2025-04-24 23:07:02.986 [main] INFO  org.testng.internal.Utils - [Utils] MethodGroupsHelper.sortMethods() took 0 ms.
2025-04-24 23:07:02.986 [main] INFO  org.testng.internal.Utils - [Utils] MethodGroupsHelper.collectMethodsByGroup() took 0 ms.
2025-04-24 23:07:02.986 [main] INFO  org.testng.internal.Utils - [Utils] MethodGroupsHelper.sortMethods() took 0 ms.
2025-04-24 23:07:02.998 [main] INFO  org.testng.internal.Utils - [TestNG] Running:
  C:\Users\Intel\AppData\Local\Temp\testng-eclipse-448478969\testng-customsuite.xml

2025-04-24 23:07:03.040 [main] INFO  org.testng.internal.Utils - [Utils] DynamicGraphHelper.createDynamicGraph() took 11 ms.
2025-04-24 23:07:03.055 [main] INFO  org.testng.internal.Utils - [Utils] DynamicGraphHelper.createDynamicGraph() took 16 ms.
2025-04-24 23:07:03.866 [main] INFO  org.testng.internal.Utils - [TestNG] Time taken by org.testng.reporters.SuiteHTMLReporter@512d92b: 423 ms
2025-04-24 23:07:03.982 [main] INFO  org.testng.internal.Utils - [TestNG] Time taken by org.testng.reporters.SuiteHTMLReporter@512d92b: 103 ms
2025-04-24 23:07:04.005 [main] INFO  org.testng.internal.Utils - [TestNG] Time taken by org.testng.reporters.jq.Main@eadb475: 139 ms
2025-04-24 23:07:04.021 [main] INFO  org.testng.internal.Utils - [TestNG] Time taken by org.testng.reporters.FailedReporter@214894fc: 16 ms
2025-04-24 23:07:04.053 [main] INFO  org.testng.internal.Utils - [TestNG] Time taken by org.testng.reporters.XMLReporter@3add81c4: 32 ms
2025-04-24 23:07:04.065 [main] INFO  org.testng.internal.Utils - [TestNG] Time taken by org.testng.reporters.EmailableReporter2@6d2260db: 12 ms
2025-04-24 23:07:04.076 [main] INFO  org.testng.internal.Utils - [TestNG] Time taken by org.testng.reporters.JUnitReportReporter@6c44052e: 11 ms
2025-04-24 23:07:04.076 [main] INFO  org.testng.internal.Utils - [TestNG] Time taken by org.testng.internal.ExitCodeListener@5c371e13: 0 ms
2025-04-24 23:07:04.113 [main] INFO  org.testng.internal.Utils - [TestNG] Time taken by org.testng.reporters.jq.Main@eadb475: 130 ms
2025-04-24 23:07:04.122 [main] INFO  org.testng.internal.Utils - [TestNG] Time taken by org.testng.reporters.FailedReporter@214894fc: 9 ms
2025-04-24 23:07:04.144 [main] INFO  org.testng.internal.Utils - [TestNG] Time taken by org.testng.reporters.XMLReporter@3add81c4: 22 ms
2025-04-24 23:07:04.151 [main] INFO  org.testng.internal.Utils - [TestNG] Time taken by org.testng.reporters.EmailableReporter2@6d2260db: 7 ms
2025-04-24 23:07:04.160 [main] INFO  org.testng.internal.Utils - [TestNG] Time taken by org.testng.reporters.JUnitReportReporter@126be319: 9 ms
2025-04-24 23:07:04.160 [main] INFO  org.testng.internal.Utils - [TestNG] Time taken by org.testng.internal.ExitCodeListener@6c44052e: 0 ms
