<?xml version="1.0" encoding="UTF-8"?>
<testng-results ignored="0" total="2" passed="1" failed="1" skipped="0">
  <reporter-output>
  </reporter-output>
  <suite started-at="2025-03-28T23:59:44 IST" name="Suite" finished-at="2025-03-29T00:00:04 IST" duration-ms="19958">
    <groups>
      <group name="Master">
        <method signature="TC001_TestAccountRegistration.verify_Acct_Registration()[pri:0, instance:com.ecom.testcases.TC001_TestAccountRegistration@235a0c16]" name="verify_Acct_Registration" class="com.ecom.testcases.TC001_TestAccountRegistration"/>
        <method signature="TC002_TestLogin.verifyLogin()[pri:0, instance:com.ecom.testcases.TC002_TestLogin@5733f295]" name="verifyLogin" class="com.ecom.testcases.TC002_TestLogin"/>
        <method signature="TC002_TestLogin.verifyLogin()[pri:0, instance:com.ecom.testcases.TC002_TestLogin@56c698e3]" name="verifyLogin" class="com.ecom.testcases.TC002_TestLogin"/>
      </group> <!-- Master -->
      <group name="Sanity">
        <method signature="TC001_TestAccountRegistration.verify_Acct_Registration()[pri:0, instance:com.ecom.testcases.TC001_TestAccountRegistration@235a0c16]" name="verify_Acct_Registration" class="com.ecom.testcases.TC001_TestAccountRegistration"/>
        <method signature="TC002_TestLogin.verifyLogin()[pri:0, instance:com.ecom.testcases.TC002_TestLogin@5733f295]" name="verifyLogin" class="com.ecom.testcases.TC002_TestLogin"/>
        <method signature="TC002_TestLogin.verifyLogin()[pri:0, instance:com.ecom.testcases.TC002_TestLogin@56c698e3]" name="verifyLogin" class="com.ecom.testcases.TC002_TestLogin"/>
      </group> <!-- Sanity -->
      <group name="Regression">
        <method signature="TC002_TestLogin.verifyLogin()[pri:0, instance:com.ecom.testcases.TC002_TestLogin@5733f295]" name="verifyLogin" class="com.ecom.testcases.TC002_TestLogin"/>
        <method signature="TC002_TestLogin.verifyLogin()[pri:0, instance:com.ecom.testcases.TC002_TestLogin@56c698e3]" name="verifyLogin" class="com.ecom.testcases.TC002_TestLogin"/>
      </group> <!-- Regression -->
    </groups>
    <test started-at="2025-03-28T23:59:44 IST" name="Test3" finished-at="2025-03-29T00:00:04 IST" duration-ms="19958">
      <class name="com.ecom.testcases.TC002_TestLogin">
        <test-method is-config="true" signature="setUp(java.lang.String,java.lang.String)[pri:0, instance:com.ecom.testcases.TC002_TestLogin@56c698e3]" started-at="2025-03-28T23:59:45 IST" name="setUp" finished-at="2025-03-28T23:59:57 IST" duration-ms="11955" status="PASS">
          <params>
            <param index="0">
              <value>
                <![CDATA[Windows]]>
              </value>
            </param>
            <param index="1">
              <value>
                <![CDATA[firefox]]>
              </value>
            </param>
          </params>
          <reporter-output>
          </reporter-output>
        </test-method> <!-- setUp -->
        <test-method signature="verifyLogin()[pri:0, instance:com.ecom.testcases.TC002_TestLogin@56c698e3]" started-at="2025-03-28T23:59:57 IST" name="verifyLogin" finished-at="2025-03-29T00:00:04 IST" duration-ms="7729" status="PASS">
          <reporter-output>
          </reporter-output>
        </test-method> <!-- verifyLogin -->
        <test-method is-config="true" signature="tearDown()[pri:0, instance:com.ecom.testcases.TC002_TestLogin@56c698e3]" started-at="2025-03-29T00:00:04 IST" name="tearDown" finished-at="2025-03-29T00:00:04 IST" duration-ms="4" status="PASS">
          <reporter-output>
          </reporter-output>
        </test-method> <!-- tearDown -->
      </class> <!-- com.ecom.testcases.TC002_TestLogin -->
    </test> <!-- Test3 -->
    <test started-at="2025-03-28T23:59:44 IST" name="Test1" finished-at="2025-03-29T00:00:04 IST" duration-ms="19957">
      <class name="com.ecom.testcases.TC001_TestAccountRegistration">
        <test-method is-config="true" signature="setUp(java.lang.String,java.lang.String)[pri:0, instance:com.ecom.testcases.TC001_TestAccountRegistration@235a0c16]" started-at="2025-03-28T23:59:45 IST" name="setUp" finished-at="2025-03-28T23:59:49 IST" duration-ms="3877" status="PASS">
          <params>
            <param index="0">
              <value>
                <![CDATA[Windows]]>
              </value>
            </param>
            <param index="1">
              <value>
                <![CDATA[chrome]]>
              </value>
            </param>
          </params>
          <reporter-output>
          </reporter-output>
        </test-method> <!-- setUp -->
        <test-method signature="verify_Acct_Registration()[pri:0, instance:com.ecom.testcases.TC001_TestAccountRegistration@235a0c16]" started-at="2025-03-28T23:59:49 IST" name="verify_Acct_Registration" finished-at="2025-03-28T23:59:58 IST" duration-ms="9009" status="FAIL">
          <exception class="java.lang.AssertionError">
            <message>
              <![CDATA[null]]>
            </message>
            <full-stacktrace>
              <![CDATA[java.lang.AssertionError: null
at org.testng.Assert.fail(Assert.java:111)
at org.testng.Assert.fail(Assert.java:116)
at com.ecom.testcases.TC001_TestAccountRegistration.verify_Acct_Registration(TC001_TestAccountRegistration.java:40)
at java.base/jdk.internal.reflect.DirectMethodHandleAccessor.invoke(DirectMethodHandleAccessor.java:103)
at java.base/java.lang.reflect.Method.invoke(Method.java:580)
at org.testng.internal.invokers.MethodInvocationHelper.invokeMethod(MethodInvocationHelper.java:139)
at org.testng.internal.invokers.TestInvoker.invokeMethod(TestInvoker.java:664)
at org.testng.internal.invokers.TestInvoker.invokeTestMethod(TestInvoker.java:227)
at org.testng.internal.invokers.MethodRunner.runInSequence(MethodRunner.java:50)
at org.testng.internal.invokers.TestInvoker$MethodInvocationAgent.invoke(TestInvoker.java:957)
at org.testng.internal.invokers.TestInvoker.invokeTestMethods(TestInvoker.java:200)
at org.testng.internal.invokers.TestMethodWorker.invokeTestMethods(TestMethodWorker.java:148)
at org.testng.internal.invokers.TestMethodWorker.run(TestMethodWorker.java:128)
at java.base/java.util.ArrayList.forEach(ArrayList.java:1596)
at org.testng.TestRunner.privateRun(TestRunner.java:848)
at org.testng.TestRunner.run(TestRunner.java:621)
at org.testng.SuiteRunner.runTest(SuiteRunner.java:443)
at org.testng.SuiteRunner$SuiteWorker.run(SuiteRunner.java:481)
at org.testng.internal.thread.ThreadUtil.lambda$execute$0(ThreadUtil.java:58)
at java.base/java.util.concurrent.FutureTask.run(FutureTask.java:317)
at java.base/java.util.concurrent.ThreadPoolExecutor.runWorker(ThreadPoolExecutor.java:1144)
at java.base/java.util.concurrent.ThreadPoolExecutor$Worker.run(ThreadPoolExecutor.java:642)
at java.base/java.lang.Thread.run(Thread.java:1583)
]]>
            </full-stacktrace>
          </exception> <!-- java.lang.AssertionError -->
          <reporter-output>
          </reporter-output>
        </test-method> <!-- verify_Acct_Registration -->
        <test-method is-config="true" signature="tearDown()[pri:0, instance:com.ecom.testcases.TC001_TestAccountRegistration@235a0c16]" started-at="2025-03-28T23:59:58 IST" name="tearDown" finished-at="2025-03-29T00:00:04 IST" duration-ms="6032" status="PASS">
          <reporter-output>
          </reporter-output>
        </test-method> <!-- tearDown -->
      </class> <!-- com.ecom.testcases.TC001_TestAccountRegistration -->
    </test> <!-- Test1 -->
  </suite> <!-- Suite -->
</testng-results>
